{
  "stats": {
    "suites": 1,
    "tests": 2,
    "passes": 1,
    "pending": 0,
    "failures": 1,
    "start": "2017-02-26T19:37:06.829Z",
    "end": "2017-02-26T19:37:09.052Z",
    "duration": 2223,
    "testsRegistered": 2,
    "passPercent": 50,
    "pendingPercent": 0,
    "other": 0,
    "hasOther": false,
    "skipped": 0,
    "hasSkipped": false,
    "passPercentClass": "danger",
    "pendingPercentClass": "danger"
  },
  "suites": {
    "title": "",
    "suites": [
      {
        "title": "Sample Test Suit",
        "suites": [],
        "tests": [
          {
            "title": "Pass Test",
            "fullTitle": "Sample Test Suit Pass Test",
            "timedOut": false,
            "duration": 1238,
            "state": "passed",
            "speed": "slow",
            "pass": true,
            "fail": false,
            "pending": false,
            "code": "request.get({ url: baseUrl + '/people/1/' },\n    function(error, response, body) {\n    \t\tvar bodyObj = JSON.parse(body);\n    \t\texpect(bodyObj.name).to.equal(\"Luke Skywalker\");\n    \t\texpect(bodyObj.hair_color).to.equal(\"blond\");\n            expect(response.statusCode).to.equal(200);\n            console.log(body);\n        done();\n    });",
            "err": {},
            "isRoot": false,
            "uuid": "e5b2191a-aa12-4410-bbc9-5305b4416392",
            "parentUUID": "d3729954-3856-491d-a939-02fcf766de47",
            "skipped": false
          },
          {
            "title": "Fail Test",
            "fullTitle": "Sample Test Suit Fail Test",
            "timedOut": false,
            "duration": 0,
            "state": "failed",
            "pass": false,
            "fail": true,
            "pending": false,
            "code": "request.get({ url: baseUrl + '/people/1/' },\n    function(error, response, body) {\n    \t\tvar bodyObj = JSON.parse(body);\n    \t\texpect(bodyObj.name).to.equal(\"Luke Skywalker\");\n    \t\texpect(bodyObj.hair_color).to.equal(\"black\");\n            expect(response.statusCode).to.equal(200);\n            console.log(body);\n        done();\n    });",
            "err": {
              "name": "AssertionError",
              "message": "expected 'blond' to equal 'black'",
              "showDiff": true,
              "actual": "blond",
              "expected": "black",
              "uncaught": true,
              "estack": "AssertionError: expected 'blond' to equal 'black'\n    at Request._callback (test.js:25:45)\n    at Request.self.callback (D:\\Ashish\\testnew\\node_modules\\request\\request.js:186:22)\n    at Request.<anonymous> (D:\\Ashish\\testnew\\node_modules\\request\\request.js:1081:10)\n    at IncomingMessage.<anonymous> (D:\\Ashish\\testnew\\node_modules\\request\\request.js:1001:12)\n    at endReadableNT (_stream_readable.js:921:12)",
              "diff": "- blond\n+ black\n",
              "stack": "AssertionError: expected 'blond' to equal 'black'\n    at Request._callback (test.js:25:45)\n    at Request.self.callback (D:\\Ashish\\testnew\\node_modules\\request\\request.js:186:22)\n    at Request.<anonymous> (D:\\Ashish\\testnew\\node_modules\\request\\request.js:1081:10)\n    at IncomingMessage.<anonymous> (D:\\Ashish\\testnew\\node_modules\\request\\request.js:1001:12)\n    at endReadableNT (_stream_readable.js:921:12)"
            },
            "isRoot": false,
            "uuid": "132b6985-bb09-4698-aceb-4153d3e28709",
            "parentUUID": "d3729954-3856-491d-a939-02fcf766de47",
            "skipped": false
          }
        ],
        "pending": [],
        "root": false,
        "_timeout": 2000,
        "file": "\\test.js",
        "uuid": "d3729954-3856-491d-a939-02fcf766de47",
        "fullFile": "D:\\Ashish\\testnew\\test\\test.js",
        "passes": [
          {
            "title": "Pass Test",
            "fullTitle": "Sample Test Suit Pass Test",
            "timedOut": false,
            "duration": 1238,
            "state": "passed",
            "speed": "slow",
            "pass": true,
            "fail": false,
            "pending": false,
            "code": "request.get({ url: baseUrl + '/people/1/' },\n    function(error, response, body) {\n    \t\tvar bodyObj = JSON.parse(body);\n    \t\texpect(bodyObj.name).to.equal(\"Luke Skywalker\");\n    \t\texpect(bodyObj.hair_color).to.equal(\"blond\");\n            expect(response.statusCode).to.equal(200);\n            console.log(body);\n        done();\n    });",
            "err": {},
            "isRoot": false,
            "uuid": "e5b2191a-aa12-4410-bbc9-5305b4416392",
            "parentUUID": "d3729954-3856-491d-a939-02fcf766de47",
            "skipped": false
          }
        ],
        "failures": [
          {
            "title": "Fail Test",
            "fullTitle": "Sample Test Suit Fail Test",
            "timedOut": false,
            "duration": 0,
            "state": "failed",
            "pass": false,
            "fail": true,
            "pending": false,
            "code": "request.get({ url: baseUrl + '/people/1/' },\n    function(error, response, body) {\n    \t\tvar bodyObj = JSON.parse(body);\n    \t\texpect(bodyObj.name).to.equal(\"Luke Skywalker\");\n    \t\texpect(bodyObj.hair_color).to.equal(\"black\");\n            expect(response.statusCode).to.equal(200);\n            console.log(body);\n        done();\n    });",
            "err": {
              "name": "AssertionError",
              "message": "expected 'blond' to equal 'black'",
              "showDiff": true,
              "actual": "blond",
              "expected": "black",
              "uncaught": true,
              "estack": "AssertionError: expected 'blond' to equal 'black'\n    at Request._callback (test.js:25:45)\n    at Request.self.callback (D:\\Ashish\\testnew\\node_modules\\request\\request.js:186:22)\n    at Request.<anonymous> (D:\\Ashish\\testnew\\node_modules\\request\\request.js:1081:10)\n    at IncomingMessage.<anonymous> (D:\\Ashish\\testnew\\node_modules\\request\\request.js:1001:12)\n    at endReadableNT (_stream_readable.js:921:12)",
              "diff": "- blond\n+ black\n",
              "stack": "AssertionError: expected 'blond' to equal 'black'\n    at Request._callback (test.js:25:45)\n    at Request.self.callback (D:\\Ashish\\testnew\\node_modules\\request\\request.js:186:22)\n    at Request.<anonymous> (D:\\Ashish\\testnew\\node_modules\\request\\request.js:1081:10)\n    at IncomingMessage.<anonymous> (D:\\Ashish\\testnew\\node_modules\\request\\request.js:1001:12)\n    at endReadableNT (_stream_readable.js:921:12)"
            },
            "isRoot": false,
            "uuid": "132b6985-bb09-4698-aceb-4153d3e28709",
            "parentUUID": "d3729954-3856-491d-a939-02fcf766de47",
            "skipped": false
          }
        ],
        "skipped": [],
        "hasTests": true,
        "hasSuites": false,
        "totalTests": 2,
        "totalPasses": 1,
        "totalFailures": 1,
        "totalPending": 0,
        "totalSkipped": 0,
        "hasPasses": true,
        "hasFailures": true,
        "hasPending": false,
        "hasSkipped": false,
        "duration": 1238,
        "rootEmpty": false
      }
    ],
    "tests": [],
    "pending": [],
    "root": true,
    "_timeout": 2000,
    "uuid": "d48a8272-0530-416b-adb9-64ffa7474abe",
    "fullFile": "",
    "file": "",
    "passes": [],
    "failures": [],
    "skipped": [],
    "hasTests": false,
    "hasSuites": true,
    "totalTests": 0,
    "totalPasses": 0,
    "totalFailures": 0,
    "totalPending": 0,
    "totalSkipped": 0,
    "hasPasses": false,
    "hasFailures": false,
    "hasPending": false,
    "hasSkipped": false,
    "duration": 0,
    "rootEmpty": true
  },
  "allTests": [
    {
      "title": "Pass Test",
      "fullTitle": "Sample Test Suit Pass Test",
      "timedOut": false,
      "duration": 1238,
      "state": "passed",
      "speed": "slow",
      "pass": true,
      "fail": false,
      "pending": false,
      "code": "request.get({ url: baseUrl + '/people/1/' },\n    function(error, response, body) {\n    \t\tvar bodyObj = JSON.parse(body);\n    \t\texpect(bodyObj.name).to.equal(\"Luke Skywalker\");\n    \t\texpect(bodyObj.hair_color).to.equal(\"blond\");\n            expect(response.statusCode).to.equal(200);\n            console.log(body);\n        done();\n    });",
      "err": {},
      "isRoot": false,
      "uuid": "e5b2191a-aa12-4410-bbc9-5305b4416392",
      "parentUUID": "d3729954-3856-491d-a939-02fcf766de47",
      "skipped": false
    },
    {
      "title": "Fail Test",
      "fullTitle": "Sample Test Suit Fail Test",
      "timedOut": false,
      "duration": 0,
      "state": "failed",
      "pass": false,
      "fail": true,
      "pending": false,
      "code": "request.get({ url: baseUrl + '/people/1/' },\n    function(error, response, body) {\n    \t\tvar bodyObj = JSON.parse(body);\n    \t\texpect(bodyObj.name).to.equal(\"Luke Skywalker\");\n    \t\texpect(bodyObj.hair_color).to.equal(\"black\");\n            expect(response.statusCode).to.equal(200);\n            console.log(body);\n        done();\n    });",
      "err": {
        "name": "AssertionError",
        "message": "expected 'blond' to equal 'black'",
        "showDiff": true,
        "actual": "blond",
        "expected": "black",
        "uncaught": true,
        "estack": "AssertionError: expected 'blond' to equal 'black'\n    at Request._callback (test.js:25:45)\n    at Request.self.callback (D:\\Ashish\\testnew\\node_modules\\request\\request.js:186:22)\n    at Request.<anonymous> (D:\\Ashish\\testnew\\node_modules\\request\\request.js:1081:10)\n    at IncomingMessage.<anonymous> (D:\\Ashish\\testnew\\node_modules\\request\\request.js:1001:12)\n    at endReadableNT (_stream_readable.js:921:12)",
        "diff": "- blond\n+ black\n",
        "stack": "AssertionError: expected 'blond' to equal 'black'\n    at Request._callback (test.js:25:45)\n    at Request.self.callback (D:\\Ashish\\testnew\\node_modules\\request\\request.js:186:22)\n    at Request.<anonymous> (D:\\Ashish\\testnew\\node_modules\\request\\request.js:1081:10)\n    at IncomingMessage.<anonymous> (D:\\Ashish\\testnew\\node_modules\\request\\request.js:1001:12)\n    at endReadableNT (_stream_readable.js:921:12)"
      },
      "isRoot": false,
      "uuid": "132b6985-bb09-4698-aceb-4153d3e28709",
      "parentUUID": "d3729954-3856-491d-a939-02fcf766de47",
      "skipped": false
    }
  ],
  "allPending": [],
  "allPasses": [
    {
      "title": "Pass Test",
      "fullTitle": "Sample Test Suit Pass Test",
      "timedOut": false,
      "duration": 1238,
      "state": "passed",
      "speed": "slow",
      "pass": true,
      "fail": false,
      "pending": false,
      "code": "request.get({ url: baseUrl + '/people/1/' },\n    function(error, response, body) {\n    \t\tvar bodyObj = JSON.parse(body);\n    \t\texpect(bodyObj.name).to.equal(\"Luke Skywalker\");\n    \t\texpect(bodyObj.hair_color).to.equal(\"blond\");\n            expect(response.statusCode).to.equal(200);\n            console.log(body);\n        done();\n    });",
      "err": {},
      "isRoot": false,
      "uuid": "e5b2191a-aa12-4410-bbc9-5305b4416392",
      "parentUUID": "d3729954-3856-491d-a939-02fcf766de47",
      "skipped": false
    }
  ],
  "allFailures": [
    {
      "title": "Fail Test",
      "fullTitle": "Sample Test Suit Fail Test",
      "timedOut": false,
      "duration": 0,
      "state": "failed",
      "pass": false,
      "fail": true,
      "pending": false,
      "code": "request.get({ url: baseUrl + '/people/1/' },\n    function(error, response, body) {\n    \t\tvar bodyObj = JSON.parse(body);\n    \t\texpect(bodyObj.name).to.equal(\"Luke Skywalker\");\n    \t\texpect(bodyObj.hair_color).to.equal(\"black\");\n            expect(response.statusCode).to.equal(200);\n            console.log(body);\n        done();\n    });",
      "err": {
        "name": "AssertionError",
        "message": "expected 'blond' to equal 'black'",
        "showDiff": true,
        "actual": "blond",
        "expected": "black",
        "uncaught": true,
        "estack": "AssertionError: expected 'blond' to equal 'black'\n    at Request._callback (test.js:25:45)\n    at Request.self.callback (D:\\Ashish\\testnew\\node_modules\\request\\request.js:186:22)\n    at Request.<anonymous> (D:\\Ashish\\testnew\\node_modules\\request\\request.js:1081:10)\n    at IncomingMessage.<anonymous> (D:\\Ashish\\testnew\\node_modules\\request\\request.js:1001:12)\n    at endReadableNT (_stream_readable.js:921:12)",
        "diff": "- blond\n+ black\n",
        "stack": "AssertionError: expected 'blond' to equal 'black'\n    at Request._callback (test.js:25:45)\n    at Request.self.callback (D:\\Ashish\\testnew\\node_modules\\request\\request.js:186:22)\n    at Request.<anonymous> (D:\\Ashish\\testnew\\node_modules\\request\\request.js:1081:10)\n    at IncomingMessage.<anonymous> (D:\\Ashish\\testnew\\node_modules\\request\\request.js:1001:12)\n    at endReadableNT (_stream_readable.js:921:12)"
      },
      "isRoot": false,
      "uuid": "132b6985-bb09-4698-aceb-4153d3e28709",
      "parentUUID": "d3729954-3856-491d-a939-02fcf766de47",
      "skipped": false
    }
  ],
  "copyrightYear": 2017
}